0 info it worked if it ends with ok
1 verbose cli [ 'node', '/usr/local/bin/npm', 'start' ]
2 info using npm@2.13.4
3 info using node@v0.12.4
4 verbose run-script [ 'prestart', 'start', 'poststart' ]
5 info prestart simple-search-service@0.0.1
6 info start simple-search-service@0.0.1
7 verbose unsafe-perm in lifecycle true
8 info simple-search-service@0.0.1 Failed to exec start script
9 verbose stack Error: simple-search-service@0.0.1 start: `node app.js`
9 verbose stack Exit status 1
9 verbose stack     at EventEmitter.<anonymous> (/usr/local/lib/node_modules/npm/lib/utils/lifecycle.js:214:16)
9 verbose stack     at EventEmitter.emit (events.js:110:17)
9 verbose stack     at ChildProcess.<anonymous> (/usr/local/lib/node_modules/npm/lib/utils/spawn.js:24:14)
9 verbose stack     at ChildProcess.emit (events.js:110:17)
9 verbose stack     at maybeClose (child_process.js:1015:16)
9 verbose stack     at Process.ChildProcess._handle.onexit (child_process.js:1087:5)
10 verbose pkgid simple-search-service@0.0.1
11 verbose cwd /Users/chrismoody/sites/simple-search-service
12 error Darwin 15.0.0
13 error argv "node" "/usr/local/bin/npm" "start"
14 error node v0.12.4
15 error npm  v2.13.4
16 error code ELIFECYCLE
17 error simple-search-service@0.0.1 start: `node app.js`
17 error Exit status 1
18 error Failed at the simple-search-service@0.0.1 start script 'node app.js'.
18 error This is most likely a problem with the simple-search-service package,
18 error not with npm itself.
18 error Tell the author that this fails on your system:
18 error     node app.js
18 error You can get their info via:
18 error     npm owner ls simple-search-service
18 error There is likely additional logging output above.
19 verbose exit [ 1, true ]
